<?xml version="1.0" encoding="UTF-8"?>
<!-- Generated by org.testng.reporters.JUnitXMLReporter -->
<testsuite ignored="0" hostname="LAPTOP-NI6E2C8I" failures="0" tests="3" name="Default test" time="19.304" errors="0" timestamp="2023-12-11T21:56:52 IST">
  <testcase classname="com.testng.excel.DataProviderTest$DataProviderSamples" name="testMethod" time="6.766"/>
  <testcase classname="com.testng.excel.DataProviderTest$DataProviderSamples" name="testMethod" time="6.13"/>
  <testcase classname="com.testng.excel.DataProviderTest$DataProviderSamples" name="testMethod" time="5.615"/>
</testsuite> <!-- Default test -->
